ARM GAS  C:\Users\ehgre\AppData\Local\Temp\ccnInFjW.s 			page 1


   1              		.cpu cortex-m4
   2              		.arch armv7e-m
   3              		.fpu fpv4-sp-d16
   4              		.eabi_attribute 27, 1
   5              		.eabi_attribute 28, 1
   6              		.eabi_attribute 20, 1
   7              		.eabi_attribute 21, 1
   8              		.eabi_attribute 23, 3
   9              		.eabi_attribute 24, 1
  10              		.eabi_attribute 25, 1
  11              		.eabi_attribute 26, 1
  12              		.eabi_attribute 30, 1
  13              		.eabi_attribute 34, 1
  14              		.eabi_attribute 18, 4
  15              		.file	"tim.c"
  16              		.text
  17              	.Ltext0:
  18              		.cfi_sections	.debug_frame
  19              		.file 1 "Core/Src/tim.c"
  20              		.section	.text.MX_TIM16_Init,"ax",%progbits
  21              		.align	1
  22              		.global	MX_TIM16_Init
  23              		.syntax unified
  24              		.thumb
  25              		.thumb_func
  27              	MX_TIM16_Init:
  28              	.LFB317:
   1:Core/Src/tim.c **** /* USER CODE BEGIN Header */
   2:Core/Src/tim.c **** /**
   3:Core/Src/tim.c ****   ******************************************************************************
   4:Core/Src/tim.c ****   * @file    tim.c
   5:Core/Src/tim.c ****   * @brief   This file provides code for the configuration
   6:Core/Src/tim.c ****   *          of the TIM instances.
   7:Core/Src/tim.c ****   ******************************************************************************
   8:Core/Src/tim.c ****   * @attention
   9:Core/Src/tim.c ****   *
  10:Core/Src/tim.c ****   * Copyright (c) 2022 STMicroelectronics.
  11:Core/Src/tim.c ****   * All rights reserved.
  12:Core/Src/tim.c ****   *
  13:Core/Src/tim.c ****   * This software is licensed under terms that can be found in the LICENSE file
  14:Core/Src/tim.c ****   * in the root directory of this software component.
  15:Core/Src/tim.c ****   * If no LICENSE file comes with this software, it is provided AS-IS.
  16:Core/Src/tim.c ****   *
  17:Core/Src/tim.c ****   ******************************************************************************
  18:Core/Src/tim.c ****   */
  19:Core/Src/tim.c **** /* USER CODE END Header */
  20:Core/Src/tim.c **** /* Includes ------------------------------------------------------------------*/
  21:Core/Src/tim.c **** #include "tim.h"
  22:Core/Src/tim.c **** 
  23:Core/Src/tim.c **** /* USER CODE BEGIN 0 */
  24:Core/Src/tim.c **** 
  25:Core/Src/tim.c **** /* USER CODE END 0 */
  26:Core/Src/tim.c **** 
  27:Core/Src/tim.c **** TIM_HandleTypeDef htim16;
  28:Core/Src/tim.c **** 
  29:Core/Src/tim.c **** /* TIM16 init function */
  30:Core/Src/tim.c **** void MX_TIM16_Init(void)
ARM GAS  C:\Users\ehgre\AppData\Local\Temp\ccnInFjW.s 			page 2


  31:Core/Src/tim.c **** {
  29              		.loc 1 31 1 view -0
  30              		.cfi_startproc
  31              		@ args = 0, pretend = 0, frame = 0
  32              		@ frame_needed = 0, uses_anonymous_args = 0
  33 0000 08B5     		push	{r3, lr}
  34              	.LCFI0:
  35              		.cfi_def_cfa_offset 8
  36              		.cfi_offset 3, -8
  37              		.cfi_offset 14, -4
  32:Core/Src/tim.c **** 
  33:Core/Src/tim.c ****   /* USER CODE BEGIN TIM16_Init 0 */
  34:Core/Src/tim.c **** 
  35:Core/Src/tim.c ****   /* USER CODE END TIM16_Init 0 */
  36:Core/Src/tim.c **** 
  37:Core/Src/tim.c ****   /* USER CODE BEGIN TIM16_Init 1 */
  38:Core/Src/tim.c **** 
  39:Core/Src/tim.c ****   /* USER CODE END TIM16_Init 1 */
  40:Core/Src/tim.c ****   htim16.Instance = TIM16;
  38              		.loc 1 40 3 view .LVU1
  39              		.loc 1 40 19 is_stmt 0 view .LVU2
  40 0002 0A48     		ldr	r0, .L5
  41 0004 0A4B     		ldr	r3, .L5+4
  42 0006 0360     		str	r3, [r0]
  41:Core/Src/tim.c ****   htim16.Init.Prescaler = 800 - 1;
  43              		.loc 1 41 3 is_stmt 1 view .LVU3
  44              		.loc 1 41 25 is_stmt 0 view .LVU4
  45 0008 40F21F33 		movw	r3, #799
  46 000c 4360     		str	r3, [r0, #4]
  42:Core/Src/tim.c ****   htim16.Init.CounterMode = TIM_COUNTERMODE_UP;
  47              		.loc 1 42 3 is_stmt 1 view .LVU5
  48              		.loc 1 42 27 is_stmt 0 view .LVU6
  49 000e 0023     		movs	r3, #0
  50 0010 8360     		str	r3, [r0, #8]
  43:Core/Src/tim.c ****   htim16.Init.Period = 10-1;
  51              		.loc 1 43 3 is_stmt 1 view .LVU7
  52              		.loc 1 43 22 is_stmt 0 view .LVU8
  53 0012 0922     		movs	r2, #9
  54 0014 C260     		str	r2, [r0, #12]
  44:Core/Src/tim.c ****   htim16.Init.ClockDivision = TIM_CLOCKDIVISION_DIV1;
  55              		.loc 1 44 3 is_stmt 1 view .LVU9
  56              		.loc 1 44 29 is_stmt 0 view .LVU10
  57 0016 0361     		str	r3, [r0, #16]
  45:Core/Src/tim.c ****   htim16.Init.RepetitionCounter = 0;
  58              		.loc 1 45 3 is_stmt 1 view .LVU11
  59              		.loc 1 45 33 is_stmt 0 view .LVU12
  60 0018 4361     		str	r3, [r0, #20]
  46:Core/Src/tim.c ****   htim16.Init.AutoReloadPreload = TIM_AUTORELOAD_PRELOAD_DISABLE;
  61              		.loc 1 46 3 is_stmt 1 view .LVU13
  62              		.loc 1 46 33 is_stmt 0 view .LVU14
  63 001a 8361     		str	r3, [r0, #24]
  47:Core/Src/tim.c ****   if (HAL_TIM_Base_Init(&htim16) != HAL_OK)
  64              		.loc 1 47 3 is_stmt 1 view .LVU15
  65              		.loc 1 47 7 is_stmt 0 view .LVU16
  66 001c FFF7FEFF 		bl	HAL_TIM_Base_Init
  67              	.LVL0:
  68              		.loc 1 47 6 view .LVU17
ARM GAS  C:\Users\ehgre\AppData\Local\Temp\ccnInFjW.s 			page 3


  69 0020 00B9     		cbnz	r0, .L4
  70              	.L1:
  48:Core/Src/tim.c ****   {
  49:Core/Src/tim.c ****     Error_Handler();
  50:Core/Src/tim.c ****   }
  51:Core/Src/tim.c ****   /* USER CODE BEGIN TIM16_Init 2 */
  52:Core/Src/tim.c **** 
  53:Core/Src/tim.c ****   /* USER CODE END TIM16_Init 2 */
  54:Core/Src/tim.c **** 
  55:Core/Src/tim.c **** }
  71              		.loc 1 55 1 view .LVU18
  72 0022 08BD     		pop	{r3, pc}
  73              	.L4:
  49:Core/Src/tim.c ****   }
  74              		.loc 1 49 5 is_stmt 1 view .LVU19
  75 0024 FFF7FEFF 		bl	Error_Handler
  76              	.LVL1:
  77              		.loc 1 55 1 is_stmt 0 view .LVU20
  78 0028 FBE7     		b	.L1
  79              	.L6:
  80 002a 00BF     		.align	2
  81              	.L5:
  82 002c 00000000 		.word	htim16
  83 0030 00440140 		.word	1073824768
  84              		.cfi_endproc
  85              	.LFE317:
  87              		.section	.text.HAL_TIM_Base_MspInit,"ax",%progbits
  88              		.align	1
  89              		.global	HAL_TIM_Base_MspInit
  90              		.syntax unified
  91              		.thumb
  92              		.thumb_func
  94              	HAL_TIM_Base_MspInit:
  95              	.LVL2:
  96              	.LFB318:
  56:Core/Src/tim.c **** 
  57:Core/Src/tim.c **** void HAL_TIM_Base_MspInit(TIM_HandleTypeDef* tim_baseHandle)
  58:Core/Src/tim.c **** {
  97              		.loc 1 58 1 is_stmt 1 view -0
  98              		.cfi_startproc
  99              		@ args = 0, pretend = 0, frame = 8
 100              		@ frame_needed = 0, uses_anonymous_args = 0
  59:Core/Src/tim.c **** 
  60:Core/Src/tim.c ****   if(tim_baseHandle->Instance==TIM16)
 101              		.loc 1 60 3 view .LVU22
 102              		.loc 1 60 20 is_stmt 0 view .LVU23
 103 0000 0268     		ldr	r2, [r0]
 104              		.loc 1 60 5 view .LVU24
 105 0002 0E4B     		ldr	r3, .L14
 106 0004 9A42     		cmp	r2, r3
 107 0006 00D0     		beq	.L13
 108 0008 7047     		bx	lr
 109              	.L13:
  58:Core/Src/tim.c **** 
 110              		.loc 1 58 1 view .LVU25
 111 000a 00B5     		push	{lr}
 112              	.LCFI1:
ARM GAS  C:\Users\ehgre\AppData\Local\Temp\ccnInFjW.s 			page 4


 113              		.cfi_def_cfa_offset 4
 114              		.cfi_offset 14, -4
 115 000c 83B0     		sub	sp, sp, #12
 116              	.LCFI2:
 117              		.cfi_def_cfa_offset 16
  61:Core/Src/tim.c ****   {
  62:Core/Src/tim.c ****   /* USER CODE BEGIN TIM16_MspInit 0 */
  63:Core/Src/tim.c **** 
  64:Core/Src/tim.c ****   /* USER CODE END TIM16_MspInit 0 */
  65:Core/Src/tim.c ****     /* TIM16 clock enable */
  66:Core/Src/tim.c ****     __HAL_RCC_TIM16_CLK_ENABLE();
 118              		.loc 1 66 5 is_stmt 1 view .LVU26
 119              	.LBB2:
 120              		.loc 1 66 5 view .LVU27
 121              		.loc 1 66 5 view .LVU28
 122 000e 03F54C43 		add	r3, r3, #52224
 123 0012 1A6E     		ldr	r2, [r3, #96]
 124 0014 42F40032 		orr	r2, r2, #131072
 125 0018 1A66     		str	r2, [r3, #96]
 126              		.loc 1 66 5 view .LVU29
 127 001a 1B6E     		ldr	r3, [r3, #96]
 128 001c 03F40033 		and	r3, r3, #131072
 129 0020 0193     		str	r3, [sp, #4]
 130              		.loc 1 66 5 view .LVU30
 131 0022 019B     		ldr	r3, [sp, #4]
 132              	.LBE2:
 133              		.loc 1 66 5 view .LVU31
  67:Core/Src/tim.c **** 
  68:Core/Src/tim.c ****     /* TIM16 interrupt Init */
  69:Core/Src/tim.c ****     HAL_NVIC_SetPriority(TIM1_UP_TIM16_IRQn, 0, 0);
 134              		.loc 1 69 5 view .LVU32
 135 0024 0022     		movs	r2, #0
 136 0026 1146     		mov	r1, r2
 137 0028 1920     		movs	r0, #25
 138              	.LVL3:
 139              		.loc 1 69 5 is_stmt 0 view .LVU33
 140 002a FFF7FEFF 		bl	HAL_NVIC_SetPriority
 141              	.LVL4:
  70:Core/Src/tim.c ****     HAL_NVIC_EnableIRQ(TIM1_UP_TIM16_IRQn);
 142              		.loc 1 70 5 is_stmt 1 view .LVU34
 143 002e 1920     		movs	r0, #25
 144 0030 FFF7FEFF 		bl	HAL_NVIC_EnableIRQ
 145              	.LVL5:
  71:Core/Src/tim.c ****   /* USER CODE BEGIN TIM16_MspInit 1 */
  72:Core/Src/tim.c **** 
  73:Core/Src/tim.c ****   /* USER CODE END TIM16_MspInit 1 */
  74:Core/Src/tim.c ****   }
  75:Core/Src/tim.c **** }
 146              		.loc 1 75 1 is_stmt 0 view .LVU35
 147 0034 03B0     		add	sp, sp, #12
 148              	.LCFI3:
 149              		.cfi_def_cfa_offset 4
 150              		@ sp needed
 151 0036 5DF804FB 		ldr	pc, [sp], #4
 152              	.L15:
 153 003a 00BF     		.align	2
 154              	.L14:
ARM GAS  C:\Users\ehgre\AppData\Local\Temp\ccnInFjW.s 			page 5


 155 003c 00440140 		.word	1073824768
 156              		.cfi_endproc
 157              	.LFE318:
 159              		.section	.text.HAL_TIM_Base_MspDeInit,"ax",%progbits
 160              		.align	1
 161              		.global	HAL_TIM_Base_MspDeInit
 162              		.syntax unified
 163              		.thumb
 164              		.thumb_func
 166              	HAL_TIM_Base_MspDeInit:
 167              	.LVL6:
 168              	.LFB319:
  76:Core/Src/tim.c **** 
  77:Core/Src/tim.c **** void HAL_TIM_Base_MspDeInit(TIM_HandleTypeDef* tim_baseHandle)
  78:Core/Src/tim.c **** {
 169              		.loc 1 78 1 is_stmt 1 view -0
 170              		.cfi_startproc
 171              		@ args = 0, pretend = 0, frame = 0
 172              		@ frame_needed = 0, uses_anonymous_args = 0
 173              		.loc 1 78 1 is_stmt 0 view .LVU37
 174 0000 08B5     		push	{r3, lr}
 175              	.LCFI4:
 176              		.cfi_def_cfa_offset 8
 177              		.cfi_offset 3, -8
 178              		.cfi_offset 14, -4
  79:Core/Src/tim.c **** 
  80:Core/Src/tim.c ****   if(tim_baseHandle->Instance==TIM16)
 179              		.loc 1 80 3 is_stmt 1 view .LVU38
 180              		.loc 1 80 20 is_stmt 0 view .LVU39
 181 0002 0268     		ldr	r2, [r0]
 182              		.loc 1 80 5 view .LVU40
 183 0004 064B     		ldr	r3, .L20
 184 0006 9A42     		cmp	r2, r3
 185 0008 00D0     		beq	.L19
 186              	.LVL7:
 187              	.L16:
  81:Core/Src/tim.c ****   {
  82:Core/Src/tim.c ****   /* USER CODE BEGIN TIM16_MspDeInit 0 */
  83:Core/Src/tim.c **** 
  84:Core/Src/tim.c ****   /* USER CODE END TIM16_MspDeInit 0 */
  85:Core/Src/tim.c ****     /* Peripheral clock disable */
  86:Core/Src/tim.c ****     __HAL_RCC_TIM16_CLK_DISABLE();
  87:Core/Src/tim.c **** 
  88:Core/Src/tim.c ****     /* TIM16 interrupt Deinit */
  89:Core/Src/tim.c ****     HAL_NVIC_DisableIRQ(TIM1_UP_TIM16_IRQn);
  90:Core/Src/tim.c ****   /* USER CODE BEGIN TIM16_MspDeInit 1 */
  91:Core/Src/tim.c **** 
  92:Core/Src/tim.c ****   /* USER CODE END TIM16_MspDeInit 1 */
  93:Core/Src/tim.c ****   }
  94:Core/Src/tim.c **** }
 188              		.loc 1 94 1 view .LVU41
 189 000a 08BD     		pop	{r3, pc}
 190              	.LVL8:
 191              	.L19:
  86:Core/Src/tim.c **** 
 192              		.loc 1 86 5 is_stmt 1 view .LVU42
 193 000c 054A     		ldr	r2, .L20+4
ARM GAS  C:\Users\ehgre\AppData\Local\Temp\ccnInFjW.s 			page 6


 194 000e 136E     		ldr	r3, [r2, #96]
 195 0010 23F40033 		bic	r3, r3, #131072
 196 0014 1366     		str	r3, [r2, #96]
  89:Core/Src/tim.c ****   /* USER CODE BEGIN TIM16_MspDeInit 1 */
 197              		.loc 1 89 5 view .LVU43
 198 0016 1920     		movs	r0, #25
 199              	.LVL9:
  89:Core/Src/tim.c ****   /* USER CODE BEGIN TIM16_MspDeInit 1 */
 200              		.loc 1 89 5 is_stmt 0 view .LVU44
 201 0018 FFF7FEFF 		bl	HAL_NVIC_DisableIRQ
 202              	.LVL10:
 203              		.loc 1 94 1 view .LVU45
 204 001c F5E7     		b	.L16
 205              	.L21:
 206 001e 00BF     		.align	2
 207              	.L20:
 208 0020 00440140 		.word	1073824768
 209 0024 00100240 		.word	1073876992
 210              		.cfi_endproc
 211              	.LFE319:
 213              		.global	htim16
 214              		.section	.bss.htim16,"aw",%nobits
 215              		.align	2
 218              	htim16:
 219 0000 00000000 		.space	76
 219      00000000 
 219      00000000 
 219      00000000 
 219      00000000 
 220              		.text
 221              	.Letext0:
 222              		.file 2 "Drivers/CMSIS/Device/ST/STM32L4xx/Include/stm32l476xx.h"
 223              		.file 3 "c:\\users\\ehgre\\desktop\\plugg\\inbyggda system\\tools\\arm-gnu-toolchain-12.2.mpacbti-
 224              		.file 4 "c:\\users\\ehgre\\desktop\\plugg\\inbyggda system\\tools\\arm-gnu-toolchain-12.2.mpacbti-
 225              		.file 5 "Drivers/STM32L4xx_HAL_Driver/Inc/stm32l4xx_hal_def.h"
 226              		.file 6 "Drivers/STM32L4xx_HAL_Driver/Inc/stm32l4xx_hal_dma.h"
 227              		.file 7 "Drivers/STM32L4xx_HAL_Driver/Inc/stm32l4xx_hal_tim.h"
 228              		.file 8 "Drivers/STM32L4xx_HAL_Driver/Inc/stm32l4xx_hal_cortex.h"
 229              		.file 9 "Core/Inc/tim.h"
 230              		.file 10 "Core/Inc/main.h"
ARM GAS  C:\Users\ehgre\AppData\Local\Temp\ccnInFjW.s 			page 7


DEFINED SYMBOLS
                            *ABS*:00000000 tim.c
C:\Users\ehgre\AppData\Local\Temp\ccnInFjW.s:21     .text.MX_TIM16_Init:00000000 $t
C:\Users\ehgre\AppData\Local\Temp\ccnInFjW.s:27     .text.MX_TIM16_Init:00000000 MX_TIM16_Init
C:\Users\ehgre\AppData\Local\Temp\ccnInFjW.s:82     .text.MX_TIM16_Init:0000002c $d
C:\Users\ehgre\AppData\Local\Temp\ccnInFjW.s:218    .bss.htim16:00000000 htim16
C:\Users\ehgre\AppData\Local\Temp\ccnInFjW.s:88     .text.HAL_TIM_Base_MspInit:00000000 $t
C:\Users\ehgre\AppData\Local\Temp\ccnInFjW.s:94     .text.HAL_TIM_Base_MspInit:00000000 HAL_TIM_Base_MspInit
C:\Users\ehgre\AppData\Local\Temp\ccnInFjW.s:155    .text.HAL_TIM_Base_MspInit:0000003c $d
C:\Users\ehgre\AppData\Local\Temp\ccnInFjW.s:160    .text.HAL_TIM_Base_MspDeInit:00000000 $t
C:\Users\ehgre\AppData\Local\Temp\ccnInFjW.s:166    .text.HAL_TIM_Base_MspDeInit:00000000 HAL_TIM_Base_MspDeInit
C:\Users\ehgre\AppData\Local\Temp\ccnInFjW.s:208    .text.HAL_TIM_Base_MspDeInit:00000020 $d
C:\Users\ehgre\AppData\Local\Temp\ccnInFjW.s:215    .bss.htim16:00000000 $d

UNDEFINED SYMBOLS
HAL_TIM_Base_Init
Error_Handler
HAL_NVIC_SetPriority
HAL_NVIC_EnableIRQ
HAL_NVIC_DisableIRQ
