ARM GAS  C:\Users\ehgre\AppData\Local\Temp\ccwGgGYb.s 			page 1


   1              		.cpu cortex-m4
   2              		.arch armv7e-m
   3              		.fpu fpv4-sp-d16
   4              		.eabi_attribute 27, 1
   5              		.eabi_attribute 28, 1
   6              		.eabi_attribute 20, 1
   7              		.eabi_attribute 21, 1
   8              		.eabi_attribute 23, 3
   9              		.eabi_attribute 24, 1
  10              		.eabi_attribute 25, 1
  11              		.eabi_attribute 26, 1
  12              		.eabi_attribute 30, 1
  13              		.eabi_attribute 34, 1
  14              		.eabi_attribute 18, 4
  15              		.file	"usart.c"
  16              		.text
  17              	.Ltext0:
  18              		.cfi_sections	.debug_frame
  19              		.file 1 "Core/Src/usart.c"
  20              		.section	.text.MX_UART5_Init,"ax",%progbits
  21              		.align	1
  22              		.global	MX_UART5_Init
  23              		.syntax unified
  24              		.thumb
  25              		.thumb_func
  27              	MX_UART5_Init:
  28              	.LFB317:
   1:Core/Src/usart.c **** /* USER CODE BEGIN Header */
   2:Core/Src/usart.c **** /**
   3:Core/Src/usart.c ****   ******************************************************************************
   4:Core/Src/usart.c ****   * @file    usart.c
   5:Core/Src/usart.c ****   * @brief   This file provides code for the configuration
   6:Core/Src/usart.c ****   *          of the USART instances.
   7:Core/Src/usart.c ****   ******************************************************************************
   8:Core/Src/usart.c ****   * @attention
   9:Core/Src/usart.c ****   *
  10:Core/Src/usart.c ****   * Copyright (c) 2022 STMicroelectronics.
  11:Core/Src/usart.c ****   * All rights reserved.
  12:Core/Src/usart.c ****   *
  13:Core/Src/usart.c ****   * This software is licensed under terms that can be found in the LICENSE file
  14:Core/Src/usart.c ****   * in the root directory of this software component.
  15:Core/Src/usart.c ****   * If no LICENSE file comes with this software, it is provided AS-IS.
  16:Core/Src/usart.c ****   *
  17:Core/Src/usart.c ****   ******************************************************************************
  18:Core/Src/usart.c ****   */
  19:Core/Src/usart.c **** /* USER CODE END Header */
  20:Core/Src/usart.c **** /* Includes ------------------------------------------------------------------*/
  21:Core/Src/usart.c **** #include "usart.h"
  22:Core/Src/usart.c **** 
  23:Core/Src/usart.c **** /* USER CODE BEGIN 0 */
  24:Core/Src/usart.c **** 
  25:Core/Src/usart.c **** /* USER CODE END 0 */
  26:Core/Src/usart.c **** 
  27:Core/Src/usart.c **** UART_HandleTypeDef huart5;
  28:Core/Src/usart.c **** UART_HandleTypeDef huart2;
  29:Core/Src/usart.c **** 
  30:Core/Src/usart.c **** /* UART5 init function */
ARM GAS  C:\Users\ehgre\AppData\Local\Temp\ccwGgGYb.s 			page 2


  31:Core/Src/usart.c **** void MX_UART5_Init(void)
  32:Core/Src/usart.c **** {
  29              		.loc 1 32 1 view -0
  30              		.cfi_startproc
  31              		@ args = 0, pretend = 0, frame = 0
  32              		@ frame_needed = 0, uses_anonymous_args = 0
  33 0000 08B5     		push	{r3, lr}
  34              	.LCFI0:
  35              		.cfi_def_cfa_offset 8
  36              		.cfi_offset 3, -8
  37              		.cfi_offset 14, -4
  33:Core/Src/usart.c **** 
  34:Core/Src/usart.c ****   /* USER CODE BEGIN UART5_Init 0 */
  35:Core/Src/usart.c **** 
  36:Core/Src/usart.c ****   /* USER CODE END UART5_Init 0 */
  37:Core/Src/usart.c **** 
  38:Core/Src/usart.c ****   /* USER CODE BEGIN UART5_Init 1 */
  39:Core/Src/usart.c **** 
  40:Core/Src/usart.c ****   /* USER CODE END UART5_Init 1 */
  41:Core/Src/usart.c ****   huart5.Instance = UART5;
  38              		.loc 1 41 3 view .LVU1
  39              		.loc 1 41 19 is_stmt 0 view .LVU2
  40 0002 0B48     		ldr	r0, .L5
  41 0004 0B4B     		ldr	r3, .L5+4
  42 0006 0360     		str	r3, [r0]
  42:Core/Src/usart.c ****   huart5.Init.BaudRate = 115200;
  43              		.loc 1 42 3 is_stmt 1 view .LVU3
  44              		.loc 1 42 24 is_stmt 0 view .LVU4
  45 0008 4FF4E133 		mov	r3, #115200
  46 000c 4360     		str	r3, [r0, #4]
  43:Core/Src/usart.c ****   huart5.Init.WordLength = UART_WORDLENGTH_8B;
  47              		.loc 1 43 3 is_stmt 1 view .LVU5
  48              		.loc 1 43 26 is_stmt 0 view .LVU6
  49 000e 0023     		movs	r3, #0
  50 0010 8360     		str	r3, [r0, #8]
  44:Core/Src/usart.c ****   huart5.Init.StopBits = UART_STOPBITS_1;
  51              		.loc 1 44 3 is_stmt 1 view .LVU7
  52              		.loc 1 44 24 is_stmt 0 view .LVU8
  53 0012 C360     		str	r3, [r0, #12]
  45:Core/Src/usart.c ****   huart5.Init.Parity = UART_PARITY_NONE;
  54              		.loc 1 45 3 is_stmt 1 view .LVU9
  55              		.loc 1 45 22 is_stmt 0 view .LVU10
  56 0014 0361     		str	r3, [r0, #16]
  46:Core/Src/usart.c ****   huart5.Init.Mode = UART_MODE_TX_RX;
  57              		.loc 1 46 3 is_stmt 1 view .LVU11
  58              		.loc 1 46 20 is_stmt 0 view .LVU12
  59 0016 0C22     		movs	r2, #12
  60 0018 4261     		str	r2, [r0, #20]
  47:Core/Src/usart.c ****   huart5.Init.HwFlowCtl = UART_HWCONTROL_NONE;
  61              		.loc 1 47 3 is_stmt 1 view .LVU13
  62              		.loc 1 47 25 is_stmt 0 view .LVU14
  63 001a 8361     		str	r3, [r0, #24]
  48:Core/Src/usart.c ****   huart5.Init.OverSampling = UART_OVERSAMPLING_16;
  64              		.loc 1 48 3 is_stmt 1 view .LVU15
  65              		.loc 1 48 28 is_stmt 0 view .LVU16
  66 001c C361     		str	r3, [r0, #28]
  49:Core/Src/usart.c ****   huart5.Init.OneBitSampling = UART_ONE_BIT_SAMPLE_DISABLE;
ARM GAS  C:\Users\ehgre\AppData\Local\Temp\ccwGgGYb.s 			page 3


  67              		.loc 1 49 3 is_stmt 1 view .LVU17
  68              		.loc 1 49 30 is_stmt 0 view .LVU18
  69 001e 0362     		str	r3, [r0, #32]
  50:Core/Src/usart.c ****   huart5.AdvancedInit.AdvFeatureInit = UART_ADVFEATURE_NO_INIT;
  70              		.loc 1 50 3 is_stmt 1 view .LVU19
  71              		.loc 1 50 38 is_stmt 0 view .LVU20
  72 0020 4362     		str	r3, [r0, #36]
  51:Core/Src/usart.c ****   if (HAL_UART_Init(&huart5) != HAL_OK)
  73              		.loc 1 51 3 is_stmt 1 view .LVU21
  74              		.loc 1 51 7 is_stmt 0 view .LVU22
  75 0022 FFF7FEFF 		bl	HAL_UART_Init
  76              	.LVL0:
  77              		.loc 1 51 6 view .LVU23
  78 0026 00B9     		cbnz	r0, .L4
  79              	.L1:
  52:Core/Src/usart.c ****   {
  53:Core/Src/usart.c ****     Error_Handler();
  54:Core/Src/usart.c ****   }
  55:Core/Src/usart.c ****   /* USER CODE BEGIN UART5_Init 2 */
  56:Core/Src/usart.c **** 
  57:Core/Src/usart.c ****   /* USER CODE END UART5_Init 2 */
  58:Core/Src/usart.c **** 
  59:Core/Src/usart.c **** }
  80              		.loc 1 59 1 view .LVU24
  81 0028 08BD     		pop	{r3, pc}
  82              	.L4:
  53:Core/Src/usart.c ****   }
  83              		.loc 1 53 5 is_stmt 1 view .LVU25
  84 002a FFF7FEFF 		bl	Error_Handler
  85              	.LVL1:
  86              		.loc 1 59 1 is_stmt 0 view .LVU26
  87 002e FBE7     		b	.L1
  88              	.L6:
  89              		.align	2
  90              	.L5:
  91 0030 00000000 		.word	huart5
  92 0034 00500040 		.word	1073762304
  93              		.cfi_endproc
  94              	.LFE317:
  96              		.section	.text.MX_USART2_UART_Init,"ax",%progbits
  97              		.align	1
  98              		.global	MX_USART2_UART_Init
  99              		.syntax unified
 100              		.thumb
 101              		.thumb_func
 103              	MX_USART2_UART_Init:
 104              	.LFB318:
  60:Core/Src/usart.c **** /* USART2 init function */
  61:Core/Src/usart.c **** 
  62:Core/Src/usart.c **** void MX_USART2_UART_Init(void)
  63:Core/Src/usart.c **** {
 105              		.loc 1 63 1 is_stmt 1 view -0
 106              		.cfi_startproc
 107              		@ args = 0, pretend = 0, frame = 0
 108              		@ frame_needed = 0, uses_anonymous_args = 0
 109 0000 08B5     		push	{r3, lr}
 110              	.LCFI1:
ARM GAS  C:\Users\ehgre\AppData\Local\Temp\ccwGgGYb.s 			page 4


 111              		.cfi_def_cfa_offset 8
 112              		.cfi_offset 3, -8
 113              		.cfi_offset 14, -4
  64:Core/Src/usart.c **** 
  65:Core/Src/usart.c ****   /* USER CODE BEGIN USART2_Init 0 */
  66:Core/Src/usart.c **** 
  67:Core/Src/usart.c ****   /* USER CODE END USART2_Init 0 */
  68:Core/Src/usart.c **** 
  69:Core/Src/usart.c ****   /* USER CODE BEGIN USART2_Init 1 */
  70:Core/Src/usart.c **** 
  71:Core/Src/usart.c ****   /* USER CODE END USART2_Init 1 */
  72:Core/Src/usart.c ****   huart2.Instance = USART2;
 114              		.loc 1 72 3 view .LVU28
 115              		.loc 1 72 19 is_stmt 0 view .LVU29
 116 0002 0B48     		ldr	r0, .L11
 117 0004 0B4B     		ldr	r3, .L11+4
 118 0006 0360     		str	r3, [r0]
  73:Core/Src/usart.c ****   huart2.Init.BaudRate = 115200;
 119              		.loc 1 73 3 is_stmt 1 view .LVU30
 120              		.loc 1 73 24 is_stmt 0 view .LVU31
 121 0008 4FF4E133 		mov	r3, #115200
 122 000c 4360     		str	r3, [r0, #4]
  74:Core/Src/usart.c ****   huart2.Init.WordLength = UART_WORDLENGTH_8B;
 123              		.loc 1 74 3 is_stmt 1 view .LVU32
 124              		.loc 1 74 26 is_stmt 0 view .LVU33
 125 000e 0023     		movs	r3, #0
 126 0010 8360     		str	r3, [r0, #8]
  75:Core/Src/usart.c ****   huart2.Init.StopBits = UART_STOPBITS_1;
 127              		.loc 1 75 3 is_stmt 1 view .LVU34
 128              		.loc 1 75 24 is_stmt 0 view .LVU35
 129 0012 C360     		str	r3, [r0, #12]
  76:Core/Src/usart.c ****   huart2.Init.Parity = UART_PARITY_NONE;
 130              		.loc 1 76 3 is_stmt 1 view .LVU36
 131              		.loc 1 76 22 is_stmt 0 view .LVU37
 132 0014 0361     		str	r3, [r0, #16]
  77:Core/Src/usart.c ****   huart2.Init.Mode = UART_MODE_TX_RX;
 133              		.loc 1 77 3 is_stmt 1 view .LVU38
 134              		.loc 1 77 20 is_stmt 0 view .LVU39
 135 0016 0C22     		movs	r2, #12
 136 0018 4261     		str	r2, [r0, #20]
  78:Core/Src/usart.c ****   huart2.Init.HwFlowCtl = UART_HWCONTROL_NONE;
 137              		.loc 1 78 3 is_stmt 1 view .LVU40
 138              		.loc 1 78 25 is_stmt 0 view .LVU41
 139 001a 8361     		str	r3, [r0, #24]
  79:Core/Src/usart.c ****   huart2.Init.OverSampling = UART_OVERSAMPLING_16;
 140              		.loc 1 79 3 is_stmt 1 view .LVU42
 141              		.loc 1 79 28 is_stmt 0 view .LVU43
 142 001c C361     		str	r3, [r0, #28]
  80:Core/Src/usart.c ****   huart2.Init.OneBitSampling = UART_ONE_BIT_SAMPLE_DISABLE;
 143              		.loc 1 80 3 is_stmt 1 view .LVU44
 144              		.loc 1 80 30 is_stmt 0 view .LVU45
 145 001e 0362     		str	r3, [r0, #32]
  81:Core/Src/usart.c ****   huart2.AdvancedInit.AdvFeatureInit = UART_ADVFEATURE_NO_INIT;
 146              		.loc 1 81 3 is_stmt 1 view .LVU46
 147              		.loc 1 81 38 is_stmt 0 view .LVU47
 148 0020 4362     		str	r3, [r0, #36]
  82:Core/Src/usart.c ****   if (HAL_UART_Init(&huart2) != HAL_OK)
ARM GAS  C:\Users\ehgre\AppData\Local\Temp\ccwGgGYb.s 			page 5


 149              		.loc 1 82 3 is_stmt 1 view .LVU48
 150              		.loc 1 82 7 is_stmt 0 view .LVU49
 151 0022 FFF7FEFF 		bl	HAL_UART_Init
 152              	.LVL2:
 153              		.loc 1 82 6 view .LVU50
 154 0026 00B9     		cbnz	r0, .L10
 155              	.L7:
  83:Core/Src/usart.c ****   {
  84:Core/Src/usart.c ****     Error_Handler();
  85:Core/Src/usart.c ****   }
  86:Core/Src/usart.c ****   /* USER CODE BEGIN USART2_Init 2 */
  87:Core/Src/usart.c **** 
  88:Core/Src/usart.c ****   /* USER CODE END USART2_Init 2 */
  89:Core/Src/usart.c **** 
  90:Core/Src/usart.c **** }
 156              		.loc 1 90 1 view .LVU51
 157 0028 08BD     		pop	{r3, pc}
 158              	.L10:
  84:Core/Src/usart.c ****   }
 159              		.loc 1 84 5 is_stmt 1 view .LVU52
 160 002a FFF7FEFF 		bl	Error_Handler
 161              	.LVL3:
 162              		.loc 1 90 1 is_stmt 0 view .LVU53
 163 002e FBE7     		b	.L7
 164              	.L12:
 165              		.align	2
 166              	.L11:
 167 0030 00000000 		.word	huart2
 168 0034 00440040 		.word	1073759232
 169              		.cfi_endproc
 170              	.LFE318:
 172              		.section	.text.HAL_UART_MspInit,"ax",%progbits
 173              		.align	1
 174              		.global	HAL_UART_MspInit
 175              		.syntax unified
 176              		.thumb
 177              		.thumb_func
 179              	HAL_UART_MspInit:
 180              	.LVL4:
 181              	.LFB319:
  91:Core/Src/usart.c **** 
  92:Core/Src/usart.c **** void HAL_UART_MspInit(UART_HandleTypeDef* uartHandle)
  93:Core/Src/usart.c **** {
 182              		.loc 1 93 1 is_stmt 1 view -0
 183              		.cfi_startproc
 184              		@ args = 0, pretend = 0, frame = 176
 185              		@ frame_needed = 0, uses_anonymous_args = 0
 186              		.loc 1 93 1 is_stmt 0 view .LVU55
 187 0000 F0B5     		push	{r4, r5, r6, r7, lr}
 188              	.LCFI2:
 189              		.cfi_def_cfa_offset 20
 190              		.cfi_offset 4, -20
 191              		.cfi_offset 5, -16
 192              		.cfi_offset 6, -12
 193              		.cfi_offset 7, -8
 194              		.cfi_offset 14, -4
 195 0002 ADB0     		sub	sp, sp, #180
ARM GAS  C:\Users\ehgre\AppData\Local\Temp\ccwGgGYb.s 			page 6


 196              	.LCFI3:
 197              		.cfi_def_cfa_offset 200
 198 0004 0446     		mov	r4, r0
  94:Core/Src/usart.c **** 
  95:Core/Src/usart.c ****   GPIO_InitTypeDef GPIO_InitStruct = {0};
 199              		.loc 1 95 3 is_stmt 1 view .LVU56
 200              		.loc 1 95 20 is_stmt 0 view .LVU57
 201 0006 0021     		movs	r1, #0
 202 0008 2791     		str	r1, [sp, #156]
 203 000a 2891     		str	r1, [sp, #160]
 204 000c 2991     		str	r1, [sp, #164]
 205 000e 2A91     		str	r1, [sp, #168]
 206 0010 2B91     		str	r1, [sp, #172]
  96:Core/Src/usart.c ****   RCC_PeriphCLKInitTypeDef PeriphClkInit = {0};
 207              		.loc 1 96 3 is_stmt 1 view .LVU58
 208              		.loc 1 96 28 is_stmt 0 view .LVU59
 209 0012 8822     		movs	r2, #136
 210 0014 05A8     		add	r0, sp, #20
 211              	.LVL5:
 212              		.loc 1 96 28 view .LVU60
 213 0016 FFF7FEFF 		bl	memset
 214              	.LVL6:
  97:Core/Src/usart.c ****   if(uartHandle->Instance==UART5)
 215              		.loc 1 97 3 is_stmt 1 view .LVU61
 216              		.loc 1 97 16 is_stmt 0 view .LVU62
 217 001a 2368     		ldr	r3, [r4]
 218              		.loc 1 97 5 view .LVU63
 219 001c 394A     		ldr	r2, .L23
 220 001e 9342     		cmp	r3, r2
 221 0020 04D0     		beq	.L19
  98:Core/Src/usart.c ****   {
  99:Core/Src/usart.c ****   /* USER CODE BEGIN UART5_MspInit 0 */
 100:Core/Src/usart.c **** 
 101:Core/Src/usart.c ****   /* USER CODE END UART5_MspInit 0 */
 102:Core/Src/usart.c **** 
 103:Core/Src/usart.c ****   /** Initializes the peripherals clock
 104:Core/Src/usart.c ****   */
 105:Core/Src/usart.c ****     PeriphClkInit.PeriphClockSelection = RCC_PERIPHCLK_UART5;
 106:Core/Src/usart.c ****     PeriphClkInit.Uart5ClockSelection = RCC_UART5CLKSOURCE_PCLK1;
 107:Core/Src/usart.c ****     if (HAL_RCCEx_PeriphCLKConfig(&PeriphClkInit) != HAL_OK)
 108:Core/Src/usart.c ****     {
 109:Core/Src/usart.c ****       Error_Handler();
 110:Core/Src/usart.c ****     }
 111:Core/Src/usart.c **** 
 112:Core/Src/usart.c ****     /* UART5 clock enable */
 113:Core/Src/usart.c ****     __HAL_RCC_UART5_CLK_ENABLE();
 114:Core/Src/usart.c **** 
 115:Core/Src/usart.c ****     __HAL_RCC_GPIOC_CLK_ENABLE();
 116:Core/Src/usart.c ****     __HAL_RCC_GPIOD_CLK_ENABLE();
 117:Core/Src/usart.c ****     /**UART5 GPIO Configuration
 118:Core/Src/usart.c ****     PC12     ------> UART5_TX
 119:Core/Src/usart.c ****     PD2     ------> UART5_RX
 120:Core/Src/usart.c ****     */
 121:Core/Src/usart.c ****     GPIO_InitStruct.Pin = GPIO_PIN_12;
 122:Core/Src/usart.c ****     GPIO_InitStruct.Mode = GPIO_MODE_AF_PP;
 123:Core/Src/usart.c ****     GPIO_InitStruct.Pull = GPIO_NOPULL;
 124:Core/Src/usart.c ****     GPIO_InitStruct.Speed = GPIO_SPEED_FREQ_VERY_HIGH;
ARM GAS  C:\Users\ehgre\AppData\Local\Temp\ccwGgGYb.s 			page 7


 125:Core/Src/usart.c ****     GPIO_InitStruct.Alternate = GPIO_AF8_UART5;
 126:Core/Src/usart.c ****     HAL_GPIO_Init(GPIOC, &GPIO_InitStruct);
 127:Core/Src/usart.c **** 
 128:Core/Src/usart.c ****     GPIO_InitStruct.Pin = GPIO_PIN_2;
 129:Core/Src/usart.c ****     GPIO_InitStruct.Mode = GPIO_MODE_AF_PP;
 130:Core/Src/usart.c ****     GPIO_InitStruct.Pull = GPIO_NOPULL;
 131:Core/Src/usart.c ****     GPIO_InitStruct.Speed = GPIO_SPEED_FREQ_VERY_HIGH;
 132:Core/Src/usart.c ****     GPIO_InitStruct.Alternate = GPIO_AF8_UART5;
 133:Core/Src/usart.c ****     HAL_GPIO_Init(GPIOD, &GPIO_InitStruct);
 134:Core/Src/usart.c **** 
 135:Core/Src/usart.c ****   /* USER CODE BEGIN UART5_MspInit 1 */
 136:Core/Src/usart.c **** 
 137:Core/Src/usart.c ****   /* USER CODE END UART5_MspInit 1 */
 138:Core/Src/usart.c ****   }
 139:Core/Src/usart.c ****   else if(uartHandle->Instance==USART2)
 222              		.loc 1 139 8 is_stmt 1 view .LVU64
 223              		.loc 1 139 10 is_stmt 0 view .LVU65
 224 0022 394A     		ldr	r2, .L23+4
 225 0024 9342     		cmp	r3, r2
 226 0026 41D0     		beq	.L20
 227              	.LVL7:
 228              	.L13:
 140:Core/Src/usart.c ****   {
 141:Core/Src/usart.c ****   /* USER CODE BEGIN USART2_MspInit 0 */
 142:Core/Src/usart.c **** 
 143:Core/Src/usart.c ****   /* USER CODE END USART2_MspInit 0 */
 144:Core/Src/usart.c **** 
 145:Core/Src/usart.c ****   /** Initializes the peripherals clock
 146:Core/Src/usart.c ****   */
 147:Core/Src/usart.c ****     PeriphClkInit.PeriphClockSelection = RCC_PERIPHCLK_USART2;
 148:Core/Src/usart.c ****     PeriphClkInit.Usart2ClockSelection = RCC_USART2CLKSOURCE_PCLK1;
 149:Core/Src/usart.c ****     if (HAL_RCCEx_PeriphCLKConfig(&PeriphClkInit) != HAL_OK)
 150:Core/Src/usart.c ****     {
 151:Core/Src/usart.c ****       Error_Handler();
 152:Core/Src/usart.c ****     }
 153:Core/Src/usart.c **** 
 154:Core/Src/usart.c ****     /* USART2 clock enable */
 155:Core/Src/usart.c ****     __HAL_RCC_USART2_CLK_ENABLE();
 156:Core/Src/usart.c **** 
 157:Core/Src/usart.c ****     __HAL_RCC_GPIOA_CLK_ENABLE();
 158:Core/Src/usart.c ****     /**USART2 GPIO Configuration
 159:Core/Src/usart.c ****     PA2     ------> USART2_TX
 160:Core/Src/usart.c ****     PA3     ------> USART2_RX
 161:Core/Src/usart.c ****     */
 162:Core/Src/usart.c ****     GPIO_InitStruct.Pin = USART_TX_Pin|USART_RX_Pin;
 163:Core/Src/usart.c ****     GPIO_InitStruct.Mode = GPIO_MODE_AF_PP;
 164:Core/Src/usart.c ****     GPIO_InitStruct.Pull = GPIO_NOPULL;
 165:Core/Src/usart.c ****     GPIO_InitStruct.Speed = GPIO_SPEED_FREQ_VERY_HIGH;
 166:Core/Src/usart.c ****     GPIO_InitStruct.Alternate = GPIO_AF7_USART2;
 167:Core/Src/usart.c ****     HAL_GPIO_Init(GPIOA, &GPIO_InitStruct);
 168:Core/Src/usart.c **** 
 169:Core/Src/usart.c ****   /* USER CODE BEGIN USART2_MspInit 1 */
 170:Core/Src/usart.c **** 
 171:Core/Src/usart.c ****   /* USER CODE END USART2_MspInit 1 */
 172:Core/Src/usart.c ****   }
 173:Core/Src/usart.c **** }
 229              		.loc 1 173 1 view .LVU66
ARM GAS  C:\Users\ehgre\AppData\Local\Temp\ccwGgGYb.s 			page 8


 230 0028 2DB0     		add	sp, sp, #180
 231              	.LCFI4:
 232              		.cfi_remember_state
 233              		.cfi_def_cfa_offset 20
 234              		@ sp needed
 235 002a F0BD     		pop	{r4, r5, r6, r7, pc}
 236              	.LVL8:
 237              	.L19:
 238              	.LCFI5:
 239              		.cfi_restore_state
 105:Core/Src/usart.c ****     PeriphClkInit.Uart5ClockSelection = RCC_UART5CLKSOURCE_PCLK1;
 240              		.loc 1 105 5 is_stmt 1 view .LVU67
 105:Core/Src/usart.c ****     PeriphClkInit.Uart5ClockSelection = RCC_UART5CLKSOURCE_PCLK1;
 241              		.loc 1 105 40 is_stmt 0 view .LVU68
 242 002c 1023     		movs	r3, #16
 243 002e 0593     		str	r3, [sp, #20]
 106:Core/Src/usart.c ****     if (HAL_RCCEx_PeriphCLKConfig(&PeriphClkInit) != HAL_OK)
 244              		.loc 1 106 5 is_stmt 1 view .LVU69
 107:Core/Src/usart.c ****     {
 245              		.loc 1 107 5 view .LVU70
 107:Core/Src/usart.c ****     {
 246              		.loc 1 107 9 is_stmt 0 view .LVU71
 247 0030 05A8     		add	r0, sp, #20
 248 0032 FFF7FEFF 		bl	HAL_RCCEx_PeriphCLKConfig
 249              	.LVL9:
 107:Core/Src/usart.c ****     {
 250              		.loc 1 107 8 view .LVU72
 251 0036 0028     		cmp	r0, #0
 252 0038 35D1     		bne	.L21
 253              	.L15:
 113:Core/Src/usart.c **** 
 254              		.loc 1 113 5 is_stmt 1 view .LVU73
 255              	.LBB2:
 113:Core/Src/usart.c **** 
 256              		.loc 1 113 5 view .LVU74
 113:Core/Src/usart.c **** 
 257              		.loc 1 113 5 view .LVU75
 258 003a 344B     		ldr	r3, .L23+8
 259 003c 9A6D     		ldr	r2, [r3, #88]
 260 003e 42F48012 		orr	r2, r2, #1048576
 261 0042 9A65     		str	r2, [r3, #88]
 113:Core/Src/usart.c **** 
 262              		.loc 1 113 5 view .LVU76
 263 0044 9A6D     		ldr	r2, [r3, #88]
 264 0046 02F48012 		and	r2, r2, #1048576
 265 004a 0092     		str	r2, [sp]
 113:Core/Src/usart.c **** 
 266              		.loc 1 113 5 view .LVU77
 267 004c 009A     		ldr	r2, [sp]
 268              	.LBE2:
 113:Core/Src/usart.c **** 
 269              		.loc 1 113 5 view .LVU78
 115:Core/Src/usart.c ****     __HAL_RCC_GPIOD_CLK_ENABLE();
 270              		.loc 1 115 5 view .LVU79
 271              	.LBB3:
 115:Core/Src/usart.c ****     __HAL_RCC_GPIOD_CLK_ENABLE();
 272              		.loc 1 115 5 view .LVU80
ARM GAS  C:\Users\ehgre\AppData\Local\Temp\ccwGgGYb.s 			page 9


 115:Core/Src/usart.c ****     __HAL_RCC_GPIOD_CLK_ENABLE();
 273              		.loc 1 115 5 view .LVU81
 274 004e DA6C     		ldr	r2, [r3, #76]
 275 0050 42F00402 		orr	r2, r2, #4
 276 0054 DA64     		str	r2, [r3, #76]
 115:Core/Src/usart.c ****     __HAL_RCC_GPIOD_CLK_ENABLE();
 277              		.loc 1 115 5 view .LVU82
 278 0056 DA6C     		ldr	r2, [r3, #76]
 279 0058 02F00402 		and	r2, r2, #4
 280 005c 0192     		str	r2, [sp, #4]
 115:Core/Src/usart.c ****     __HAL_RCC_GPIOD_CLK_ENABLE();
 281              		.loc 1 115 5 view .LVU83
 282 005e 019A     		ldr	r2, [sp, #4]
 283              	.LBE3:
 115:Core/Src/usart.c ****     __HAL_RCC_GPIOD_CLK_ENABLE();
 284              		.loc 1 115 5 view .LVU84
 116:Core/Src/usart.c ****     /**UART5 GPIO Configuration
 285              		.loc 1 116 5 view .LVU85
 286              	.LBB4:
 116:Core/Src/usart.c ****     /**UART5 GPIO Configuration
 287              		.loc 1 116 5 view .LVU86
 116:Core/Src/usart.c ****     /**UART5 GPIO Configuration
 288              		.loc 1 116 5 view .LVU87
 289 0060 DA6C     		ldr	r2, [r3, #76]
 290 0062 42F00802 		orr	r2, r2, #8
 291 0066 DA64     		str	r2, [r3, #76]
 116:Core/Src/usart.c ****     /**UART5 GPIO Configuration
 292              		.loc 1 116 5 view .LVU88
 293 0068 DB6C     		ldr	r3, [r3, #76]
 294 006a 03F00803 		and	r3, r3, #8
 295 006e 0293     		str	r3, [sp, #8]
 116:Core/Src/usart.c ****     /**UART5 GPIO Configuration
 296              		.loc 1 116 5 view .LVU89
 297 0070 029B     		ldr	r3, [sp, #8]
 298              	.LBE4:
 116:Core/Src/usart.c ****     /**UART5 GPIO Configuration
 299              		.loc 1 116 5 view .LVU90
 121:Core/Src/usart.c ****     GPIO_InitStruct.Mode = GPIO_MODE_AF_PP;
 300              		.loc 1 121 5 view .LVU91
 121:Core/Src/usart.c ****     GPIO_InitStruct.Mode = GPIO_MODE_AF_PP;
 301              		.loc 1 121 25 is_stmt 0 view .LVU92
 302 0072 4FF48053 		mov	r3, #4096
 303 0076 2793     		str	r3, [sp, #156]
 122:Core/Src/usart.c ****     GPIO_InitStruct.Pull = GPIO_NOPULL;
 304              		.loc 1 122 5 is_stmt 1 view .LVU93
 122:Core/Src/usart.c ****     GPIO_InitStruct.Pull = GPIO_NOPULL;
 305              		.loc 1 122 26 is_stmt 0 view .LVU94
 306 0078 0227     		movs	r7, #2
 307 007a 2897     		str	r7, [sp, #160]
 123:Core/Src/usart.c ****     GPIO_InitStruct.Speed = GPIO_SPEED_FREQ_VERY_HIGH;
 308              		.loc 1 123 5 is_stmt 1 view .LVU95
 123:Core/Src/usart.c ****     GPIO_InitStruct.Speed = GPIO_SPEED_FREQ_VERY_HIGH;
 309              		.loc 1 123 26 is_stmt 0 view .LVU96
 310 007c 0026     		movs	r6, #0
 311 007e 2996     		str	r6, [sp, #164]
 124:Core/Src/usart.c ****     GPIO_InitStruct.Alternate = GPIO_AF8_UART5;
 312              		.loc 1 124 5 is_stmt 1 view .LVU97
ARM GAS  C:\Users\ehgre\AppData\Local\Temp\ccwGgGYb.s 			page 10


 124:Core/Src/usart.c ****     GPIO_InitStruct.Alternate = GPIO_AF8_UART5;
 313              		.loc 1 124 27 is_stmt 0 view .LVU98
 314 0080 0325     		movs	r5, #3
 315 0082 2A95     		str	r5, [sp, #168]
 125:Core/Src/usart.c ****     HAL_GPIO_Init(GPIOC, &GPIO_InitStruct);
 316              		.loc 1 125 5 is_stmt 1 view .LVU99
 125:Core/Src/usart.c ****     HAL_GPIO_Init(GPIOC, &GPIO_InitStruct);
 317              		.loc 1 125 31 is_stmt 0 view .LVU100
 318 0084 0824     		movs	r4, #8
 319              	.LVL10:
 125:Core/Src/usart.c ****     HAL_GPIO_Init(GPIOC, &GPIO_InitStruct);
 320              		.loc 1 125 31 view .LVU101
 321 0086 2B94     		str	r4, [sp, #172]
 126:Core/Src/usart.c **** 
 322              		.loc 1 126 5 is_stmt 1 view .LVU102
 323 0088 27A9     		add	r1, sp, #156
 324 008a 2148     		ldr	r0, .L23+12
 325 008c FFF7FEFF 		bl	HAL_GPIO_Init
 326              	.LVL11:
 128:Core/Src/usart.c ****     GPIO_InitStruct.Mode = GPIO_MODE_AF_PP;
 327              		.loc 1 128 5 view .LVU103
 128:Core/Src/usart.c ****     GPIO_InitStruct.Mode = GPIO_MODE_AF_PP;
 328              		.loc 1 128 25 is_stmt 0 view .LVU104
 329 0090 0423     		movs	r3, #4
 330 0092 2793     		str	r3, [sp, #156]
 129:Core/Src/usart.c ****     GPIO_InitStruct.Pull = GPIO_NOPULL;
 331              		.loc 1 129 5 is_stmt 1 view .LVU105
 129:Core/Src/usart.c ****     GPIO_InitStruct.Pull = GPIO_NOPULL;
 332              		.loc 1 129 26 is_stmt 0 view .LVU106
 333 0094 2897     		str	r7, [sp, #160]
 130:Core/Src/usart.c ****     GPIO_InitStruct.Speed = GPIO_SPEED_FREQ_VERY_HIGH;
 334              		.loc 1 130 5 is_stmt 1 view .LVU107
 130:Core/Src/usart.c ****     GPIO_InitStruct.Speed = GPIO_SPEED_FREQ_VERY_HIGH;
 335              		.loc 1 130 26 is_stmt 0 view .LVU108
 336 0096 2996     		str	r6, [sp, #164]
 131:Core/Src/usart.c ****     GPIO_InitStruct.Alternate = GPIO_AF8_UART5;
 337              		.loc 1 131 5 is_stmt 1 view .LVU109
 131:Core/Src/usart.c ****     GPIO_InitStruct.Alternate = GPIO_AF8_UART5;
 338              		.loc 1 131 27 is_stmt 0 view .LVU110
 339 0098 2A95     		str	r5, [sp, #168]
 132:Core/Src/usart.c ****     HAL_GPIO_Init(GPIOD, &GPIO_InitStruct);
 340              		.loc 1 132 5 is_stmt 1 view .LVU111
 132:Core/Src/usart.c ****     HAL_GPIO_Init(GPIOD, &GPIO_InitStruct);
 341              		.loc 1 132 31 is_stmt 0 view .LVU112
 342 009a 2B94     		str	r4, [sp, #172]
 133:Core/Src/usart.c **** 
 343              		.loc 1 133 5 is_stmt 1 view .LVU113
 344 009c 27A9     		add	r1, sp, #156
 345 009e 1D48     		ldr	r0, .L23+16
 346 00a0 FFF7FEFF 		bl	HAL_GPIO_Init
 347              	.LVL12:
 348 00a4 C0E7     		b	.L13
 349              	.LVL13:
 350              	.L21:
 109:Core/Src/usart.c ****     }
 351              		.loc 1 109 7 view .LVU114
 352 00a6 FFF7FEFF 		bl	Error_Handler
ARM GAS  C:\Users\ehgre\AppData\Local\Temp\ccwGgGYb.s 			page 11


 353              	.LVL14:
 354 00aa C6E7     		b	.L15
 355              	.L20:
 147:Core/Src/usart.c ****     PeriphClkInit.Usart2ClockSelection = RCC_USART2CLKSOURCE_PCLK1;
 356              		.loc 1 147 5 view .LVU115
 147:Core/Src/usart.c ****     PeriphClkInit.Usart2ClockSelection = RCC_USART2CLKSOURCE_PCLK1;
 357              		.loc 1 147 40 is_stmt 0 view .LVU116
 358 00ac 0223     		movs	r3, #2
 359 00ae 0593     		str	r3, [sp, #20]
 148:Core/Src/usart.c ****     if (HAL_RCCEx_PeriphCLKConfig(&PeriphClkInit) != HAL_OK)
 360              		.loc 1 148 5 is_stmt 1 view .LVU117
 149:Core/Src/usart.c ****     {
 361              		.loc 1 149 5 view .LVU118
 149:Core/Src/usart.c ****     {
 362              		.loc 1 149 9 is_stmt 0 view .LVU119
 363 00b0 05A8     		add	r0, sp, #20
 364 00b2 FFF7FEFF 		bl	HAL_RCCEx_PeriphCLKConfig
 365              	.LVL15:
 149:Core/Src/usart.c ****     {
 366              		.loc 1 149 8 view .LVU120
 367 00b6 10BB     		cbnz	r0, .L22
 368              	.L17:
 155:Core/Src/usart.c **** 
 369              		.loc 1 155 5 is_stmt 1 view .LVU121
 370              	.LBB5:
 155:Core/Src/usart.c **** 
 371              		.loc 1 155 5 view .LVU122
 155:Core/Src/usart.c **** 
 372              		.loc 1 155 5 view .LVU123
 373 00b8 144B     		ldr	r3, .L23+8
 374 00ba 9A6D     		ldr	r2, [r3, #88]
 375 00bc 42F40032 		orr	r2, r2, #131072
 376 00c0 9A65     		str	r2, [r3, #88]
 155:Core/Src/usart.c **** 
 377              		.loc 1 155 5 view .LVU124
 378 00c2 9A6D     		ldr	r2, [r3, #88]
 379 00c4 02F40032 		and	r2, r2, #131072
 380 00c8 0392     		str	r2, [sp, #12]
 155:Core/Src/usart.c **** 
 381              		.loc 1 155 5 view .LVU125
 382 00ca 039A     		ldr	r2, [sp, #12]
 383              	.LBE5:
 155:Core/Src/usart.c **** 
 384              		.loc 1 155 5 view .LVU126
 157:Core/Src/usart.c ****     /**USART2 GPIO Configuration
 385              		.loc 1 157 5 view .LVU127
 386              	.LBB6:
 157:Core/Src/usart.c ****     /**USART2 GPIO Configuration
 387              		.loc 1 157 5 view .LVU128
 157:Core/Src/usart.c ****     /**USART2 GPIO Configuration
 388              		.loc 1 157 5 view .LVU129
 389 00cc DA6C     		ldr	r2, [r3, #76]
 390 00ce 42F00102 		orr	r2, r2, #1
 391 00d2 DA64     		str	r2, [r3, #76]
 157:Core/Src/usart.c ****     /**USART2 GPIO Configuration
 392              		.loc 1 157 5 view .LVU130
 393 00d4 DB6C     		ldr	r3, [r3, #76]
ARM GAS  C:\Users\ehgre\AppData\Local\Temp\ccwGgGYb.s 			page 12


 394 00d6 03F00103 		and	r3, r3, #1
 395 00da 0493     		str	r3, [sp, #16]
 157:Core/Src/usart.c ****     /**USART2 GPIO Configuration
 396              		.loc 1 157 5 view .LVU131
 397 00dc 049B     		ldr	r3, [sp, #16]
 398              	.LBE6:
 157:Core/Src/usart.c ****     /**USART2 GPIO Configuration
 399              		.loc 1 157 5 view .LVU132
 162:Core/Src/usart.c ****     GPIO_InitStruct.Mode = GPIO_MODE_AF_PP;
 400              		.loc 1 162 5 view .LVU133
 162:Core/Src/usart.c ****     GPIO_InitStruct.Mode = GPIO_MODE_AF_PP;
 401              		.loc 1 162 25 is_stmt 0 view .LVU134
 402 00de 0C23     		movs	r3, #12
 403 00e0 2793     		str	r3, [sp, #156]
 163:Core/Src/usart.c ****     GPIO_InitStruct.Pull = GPIO_NOPULL;
 404              		.loc 1 163 5 is_stmt 1 view .LVU135
 163:Core/Src/usart.c ****     GPIO_InitStruct.Pull = GPIO_NOPULL;
 405              		.loc 1 163 26 is_stmt 0 view .LVU136
 406 00e2 0223     		movs	r3, #2
 407 00e4 2893     		str	r3, [sp, #160]
 164:Core/Src/usart.c ****     GPIO_InitStruct.Speed = GPIO_SPEED_FREQ_VERY_HIGH;
 408              		.loc 1 164 5 is_stmt 1 view .LVU137
 164:Core/Src/usart.c ****     GPIO_InitStruct.Speed = GPIO_SPEED_FREQ_VERY_HIGH;
 409              		.loc 1 164 26 is_stmt 0 view .LVU138
 410 00e6 0023     		movs	r3, #0
 411 00e8 2993     		str	r3, [sp, #164]
 165:Core/Src/usart.c ****     GPIO_InitStruct.Alternate = GPIO_AF7_USART2;
 412              		.loc 1 165 5 is_stmt 1 view .LVU139
 165:Core/Src/usart.c ****     GPIO_InitStruct.Alternate = GPIO_AF7_USART2;
 413              		.loc 1 165 27 is_stmt 0 view .LVU140
 414 00ea 0323     		movs	r3, #3
 415 00ec 2A93     		str	r3, [sp, #168]
 166:Core/Src/usart.c ****     HAL_GPIO_Init(GPIOA, &GPIO_InitStruct);
 416              		.loc 1 166 5 is_stmt 1 view .LVU141
 166:Core/Src/usart.c ****     HAL_GPIO_Init(GPIOA, &GPIO_InitStruct);
 417              		.loc 1 166 31 is_stmt 0 view .LVU142
 418 00ee 0723     		movs	r3, #7
 419 00f0 2B93     		str	r3, [sp, #172]
 167:Core/Src/usart.c **** 
 420              		.loc 1 167 5 is_stmt 1 view .LVU143
 421 00f2 27A9     		add	r1, sp, #156
 422 00f4 4FF09040 		mov	r0, #1207959552
 423 00f8 FFF7FEFF 		bl	HAL_GPIO_Init
 424              	.LVL16:
 425              		.loc 1 173 1 is_stmt 0 view .LVU144
 426 00fc 94E7     		b	.L13
 427              	.L22:
 151:Core/Src/usart.c ****     }
 428              		.loc 1 151 7 is_stmt 1 view .LVU145
 429 00fe FFF7FEFF 		bl	Error_Handler
 430              	.LVL17:
 431 0102 D9E7     		b	.L17
 432              	.L24:
 433              		.align	2
 434              	.L23:
 435 0104 00500040 		.word	1073762304
 436 0108 00440040 		.word	1073759232
ARM GAS  C:\Users\ehgre\AppData\Local\Temp\ccwGgGYb.s 			page 13


 437 010c 00100240 		.word	1073876992
 438 0110 00080048 		.word	1207961600
 439 0114 000C0048 		.word	1207962624
 440              		.cfi_endproc
 441              	.LFE319:
 443              		.section	.text.HAL_UART_MspDeInit,"ax",%progbits
 444              		.align	1
 445              		.global	HAL_UART_MspDeInit
 446              		.syntax unified
 447              		.thumb
 448              		.thumb_func
 450              	HAL_UART_MspDeInit:
 451              	.LVL18:
 452              	.LFB320:
 174:Core/Src/usart.c **** 
 175:Core/Src/usart.c **** void HAL_UART_MspDeInit(UART_HandleTypeDef* uartHandle)
 176:Core/Src/usart.c **** {
 453              		.loc 1 176 1 view -0
 454              		.cfi_startproc
 455              		@ args = 0, pretend = 0, frame = 0
 456              		@ frame_needed = 0, uses_anonymous_args = 0
 457              		.loc 1 176 1 is_stmt 0 view .LVU147
 458 0000 08B5     		push	{r3, lr}
 459              	.LCFI6:
 460              		.cfi_def_cfa_offset 8
 461              		.cfi_offset 3, -8
 462              		.cfi_offset 14, -4
 177:Core/Src/usart.c **** 
 178:Core/Src/usart.c ****   if(uartHandle->Instance==UART5)
 463              		.loc 1 178 3 is_stmt 1 view .LVU148
 464              		.loc 1 178 16 is_stmt 0 view .LVU149
 465 0002 0368     		ldr	r3, [r0]
 466              		.loc 1 178 5 view .LVU150
 467 0004 114A     		ldr	r2, .L31
 468 0006 9342     		cmp	r3, r2
 469 0008 03D0     		beq	.L29
 179:Core/Src/usart.c ****   {
 180:Core/Src/usart.c ****   /* USER CODE BEGIN UART5_MspDeInit 0 */
 181:Core/Src/usart.c **** 
 182:Core/Src/usart.c ****   /* USER CODE END UART5_MspDeInit 0 */
 183:Core/Src/usart.c ****     /* Peripheral clock disable */
 184:Core/Src/usart.c ****     __HAL_RCC_UART5_CLK_DISABLE();
 185:Core/Src/usart.c **** 
 186:Core/Src/usart.c ****     /**UART5 GPIO Configuration
 187:Core/Src/usart.c ****     PC12     ------> UART5_TX
 188:Core/Src/usart.c ****     PD2     ------> UART5_RX
 189:Core/Src/usart.c ****     */
 190:Core/Src/usart.c ****     HAL_GPIO_DeInit(GPIOC, GPIO_PIN_12);
 191:Core/Src/usart.c **** 
 192:Core/Src/usart.c ****     HAL_GPIO_DeInit(GPIOD, GPIO_PIN_2);
 193:Core/Src/usart.c **** 
 194:Core/Src/usart.c ****   /* USER CODE BEGIN UART5_MspDeInit 1 */
 195:Core/Src/usart.c **** 
 196:Core/Src/usart.c ****   /* USER CODE END UART5_MspDeInit 1 */
 197:Core/Src/usart.c ****   }
 198:Core/Src/usart.c ****   else if(uartHandle->Instance==USART2)
 470              		.loc 1 198 8 is_stmt 1 view .LVU151
ARM GAS  C:\Users\ehgre\AppData\Local\Temp\ccwGgGYb.s 			page 14


 471              		.loc 1 198 10 is_stmt 0 view .LVU152
 472 000a 114A     		ldr	r2, .L31+4
 473 000c 9342     		cmp	r3, r2
 474 000e 10D0     		beq	.L30
 475              	.LVL19:
 476              	.L25:
 199:Core/Src/usart.c ****   {
 200:Core/Src/usart.c ****   /* USER CODE BEGIN USART2_MspDeInit 0 */
 201:Core/Src/usart.c **** 
 202:Core/Src/usart.c ****   /* USER CODE END USART2_MspDeInit 0 */
 203:Core/Src/usart.c ****     /* Peripheral clock disable */
 204:Core/Src/usart.c ****     __HAL_RCC_USART2_CLK_DISABLE();
 205:Core/Src/usart.c **** 
 206:Core/Src/usart.c ****     /**USART2 GPIO Configuration
 207:Core/Src/usart.c ****     PA2     ------> USART2_TX
 208:Core/Src/usart.c ****     PA3     ------> USART2_RX
 209:Core/Src/usart.c ****     */
 210:Core/Src/usart.c ****     HAL_GPIO_DeInit(GPIOA, USART_TX_Pin|USART_RX_Pin);
 211:Core/Src/usart.c **** 
 212:Core/Src/usart.c ****   /* USER CODE BEGIN USART2_MspDeInit 1 */
 213:Core/Src/usart.c **** 
 214:Core/Src/usart.c ****   /* USER CODE END USART2_MspDeInit 1 */
 215:Core/Src/usart.c ****   }
 216:Core/Src/usart.c **** }
 477              		.loc 1 216 1 view .LVU153
 478 0010 08BD     		pop	{r3, pc}
 479              	.LVL20:
 480              	.L29:
 184:Core/Src/usart.c **** 
 481              		.loc 1 184 5 is_stmt 1 view .LVU154
 482 0012 02F5E032 		add	r2, r2, #114688
 483 0016 936D     		ldr	r3, [r2, #88]
 484 0018 23F48013 		bic	r3, r3, #1048576
 485 001c 9365     		str	r3, [r2, #88]
 190:Core/Src/usart.c **** 
 486              		.loc 1 190 5 view .LVU155
 487 001e 4FF48051 		mov	r1, #4096
 488 0022 0C48     		ldr	r0, .L31+8
 489              	.LVL21:
 190:Core/Src/usart.c **** 
 490              		.loc 1 190 5 is_stmt 0 view .LVU156
 491 0024 FFF7FEFF 		bl	HAL_GPIO_DeInit
 492              	.LVL22:
 192:Core/Src/usart.c **** 
 493              		.loc 1 192 5 is_stmt 1 view .LVU157
 494 0028 0421     		movs	r1, #4
 495 002a 0B48     		ldr	r0, .L31+12
 496 002c FFF7FEFF 		bl	HAL_GPIO_DeInit
 497              	.LVL23:
 498 0030 EEE7     		b	.L25
 499              	.LVL24:
 500              	.L30:
 204:Core/Src/usart.c **** 
 501              		.loc 1 204 5 view .LVU158
 502 0032 02F5E632 		add	r2, r2, #117760
 503 0036 936D     		ldr	r3, [r2, #88]
 504 0038 23F40033 		bic	r3, r3, #131072
ARM GAS  C:\Users\ehgre\AppData\Local\Temp\ccwGgGYb.s 			page 15


 505 003c 9365     		str	r3, [r2, #88]
 210:Core/Src/usart.c **** 
 506              		.loc 1 210 5 view .LVU159
 507 003e 0C21     		movs	r1, #12
 508 0040 4FF09040 		mov	r0, #1207959552
 509              	.LVL25:
 210:Core/Src/usart.c **** 
 510              		.loc 1 210 5 is_stmt 0 view .LVU160
 511 0044 FFF7FEFF 		bl	HAL_GPIO_DeInit
 512              	.LVL26:
 513              		.loc 1 216 1 view .LVU161
 514 0048 E2E7     		b	.L25
 515              	.L32:
 516 004a 00BF     		.align	2
 517              	.L31:
 518 004c 00500040 		.word	1073762304
 519 0050 00440040 		.word	1073759232
 520 0054 00080048 		.word	1207961600
 521 0058 000C0048 		.word	1207962624
 522              		.cfi_endproc
 523              	.LFE320:
 525              		.global	huart2
 526              		.section	.bss.huart2,"aw",%nobits
 527              		.align	2
 530              	huart2:
 531 0000 00000000 		.space	132
 531      00000000 
 531      00000000 
 531      00000000 
 531      00000000 
 532              		.global	huart5
 533              		.section	.bss.huart5,"aw",%nobits
 534              		.align	2
 537              	huart5:
 538 0000 00000000 		.space	132
 538      00000000 
 538      00000000 
 538      00000000 
 538      00000000 
 539              		.text
 540              	.Letext0:
 541              		.file 2 "c:\\users\\ehgre\\desktop\\plugg\\inbyggda system\\tools\\arm-gnu-toolchain-12.2.mpacbti-
 542              		.file 3 "c:\\users\\ehgre\\desktop\\plugg\\inbyggda system\\tools\\arm-gnu-toolchain-12.2.mpacbti-
 543              		.file 4 "Drivers/CMSIS/Device/ST/STM32L4xx/Include/stm32l476xx.h"
 544              		.file 5 "Drivers/STM32L4xx_HAL_Driver/Inc/stm32l4xx_hal_def.h"
 545              		.file 6 "Drivers/STM32L4xx_HAL_Driver/Inc/stm32l4xx_hal_rcc_ex.h"
 546              		.file 7 "Drivers/STM32L4xx_HAL_Driver/Inc/stm32l4xx_hal_gpio.h"
 547              		.file 8 "Drivers/STM32L4xx_HAL_Driver/Inc/stm32l4xx_hal_dma.h"
 548              		.file 9 "Drivers/STM32L4xx_HAL_Driver/Inc/stm32l4xx_hal_uart.h"
 549              		.file 10 "Core/Inc/usart.h"
 550              		.file 11 "Core/Inc/main.h"
 551              		.file 12 "<built-in>"
ARM GAS  C:\Users\ehgre\AppData\Local\Temp\ccwGgGYb.s 			page 16


DEFINED SYMBOLS
                            *ABS*:00000000 usart.c
C:\Users\ehgre\AppData\Local\Temp\ccwGgGYb.s:21     .text.MX_UART5_Init:00000000 $t
C:\Users\ehgre\AppData\Local\Temp\ccwGgGYb.s:27     .text.MX_UART5_Init:00000000 MX_UART5_Init
C:\Users\ehgre\AppData\Local\Temp\ccwGgGYb.s:91     .text.MX_UART5_Init:00000030 $d
C:\Users\ehgre\AppData\Local\Temp\ccwGgGYb.s:537    .bss.huart5:00000000 huart5
C:\Users\ehgre\AppData\Local\Temp\ccwGgGYb.s:97     .text.MX_USART2_UART_Init:00000000 $t
C:\Users\ehgre\AppData\Local\Temp\ccwGgGYb.s:103    .text.MX_USART2_UART_Init:00000000 MX_USART2_UART_Init
C:\Users\ehgre\AppData\Local\Temp\ccwGgGYb.s:167    .text.MX_USART2_UART_Init:00000030 $d
C:\Users\ehgre\AppData\Local\Temp\ccwGgGYb.s:530    .bss.huart2:00000000 huart2
C:\Users\ehgre\AppData\Local\Temp\ccwGgGYb.s:173    .text.HAL_UART_MspInit:00000000 $t
C:\Users\ehgre\AppData\Local\Temp\ccwGgGYb.s:179    .text.HAL_UART_MspInit:00000000 HAL_UART_MspInit
C:\Users\ehgre\AppData\Local\Temp\ccwGgGYb.s:435    .text.HAL_UART_MspInit:00000104 $d
C:\Users\ehgre\AppData\Local\Temp\ccwGgGYb.s:444    .text.HAL_UART_MspDeInit:00000000 $t
C:\Users\ehgre\AppData\Local\Temp\ccwGgGYb.s:450    .text.HAL_UART_MspDeInit:00000000 HAL_UART_MspDeInit
C:\Users\ehgre\AppData\Local\Temp\ccwGgGYb.s:518    .text.HAL_UART_MspDeInit:0000004c $d
C:\Users\ehgre\AppData\Local\Temp\ccwGgGYb.s:527    .bss.huart2:00000000 $d
C:\Users\ehgre\AppData\Local\Temp\ccwGgGYb.s:534    .bss.huart5:00000000 $d

UNDEFINED SYMBOLS
HAL_UART_Init
Error_Handler
memset
HAL_RCCEx_PeriphCLKConfig
HAL_GPIO_Init
HAL_GPIO_DeInit
